<?xml version="1.0" encoding="UTF-8"?>
<!-- Generated by org.testng.reporters.JUnitReportReporter -->
<testsuite skipped="0" hostname="NB64-244" name="ru.neoflex.panfilova.Main" tests="1" failures="0" timestamp="21 ноя 2020 20:16:27 GMT" time="0.010" errors="0">
  <testcase name="test1" time="0.010" classname="ru.neoflex.panfilova.Main"/>
</testsuite> <!-- ru.neoflex.panfilova.Main -->
